c:\users\diogo\documents\github\minesweeper\minessweeper\debug\minessweeper.pch
c:\users\diogo\documents\github\minesweeper\minessweeper\debug\vc142.pdb
c:\users\diogo\documents\github\minesweeper\minessweeper\debug\vc142.idb
c:\users\diogo\documents\github\minesweeper\minessweeper\debug\pch.obj
c:\users\diogo\documents\github\minesweeper\minessweeper\debug\utils.obj
c:\users\diogo\documents\github\minesweeper\minessweeper\debug\structs.obj
c:\users\diogo\documents\github\minesweeper\minessweeper\debug\main.obj
c:\users\diogo\documents\github\minesweeper\minessweeper\debug\game.obj
c:\users\diogo\documents\github\minesweeper\minessweeper\debug\core.obj
c:\users\diogo\documents\github\minesweeper\minessweeper\debug\minessweeper.ilk
c:\users\diogo\documents\github\minesweeper\minessweeper\debug\minessweeper.exe
c:\users\diogo\documents\github\minesweeper\minessweeper\debug\minessweeper.pdb
c:\users\diogo\documents\github\minesweeper\minessweeper\debug\libflac-8.dll
c:\users\diogo\documents\github\minesweeper\minessweeper\debug\libfreetype-6.dll
c:\users\diogo\documents\github\minesweeper\minessweeper\debug\libjpeg-9.dll
c:\users\diogo\documents\github\minesweeper\minessweeper\debug\libmodplug-1.dll
c:\users\diogo\documents\github\minesweeper\minessweeper\debug\libmpg123-0.dll
c:\users\diogo\documents\github\minesweeper\minessweeper\debug\libogg-0.dll
c:\users\diogo\documents\github\minesweeper\minessweeper\debug\libopus-0.dll
c:\users\diogo\documents\github\minesweeper\minessweeper\debug\libopusfile-0.dll
c:\users\diogo\documents\github\minesweeper\minessweeper\debug\libpng16-16.dll
c:\users\diogo\documents\github\minesweeper\minessweeper\debug\libtiff-5.dll
c:\users\diogo\documents\github\minesweeper\minessweeper\debug\libvorbis-0.dll
c:\users\diogo\documents\github\minesweeper\minessweeper\debug\libvorbisfile-3.dll
c:\users\diogo\documents\github\minesweeper\minessweeper\debug\libwebp-7.dll
c:\users\diogo\documents\github\minesweeper\minessweeper\debug\sdl2.dll
c:\users\diogo\documents\github\minesweeper\minessweeper\debug\sdl2_image.dll
c:\users\diogo\documents\github\minesweeper\minessweeper\debug\sdl2_mixer.dll
c:\users\diogo\documents\github\minesweeper\minessweeper\debug\sdl2_ttf.dll
c:\users\diogo\documents\github\minesweeper\minessweeper\debug\zlib1.dll
c:\users\diogo\documents\github\minesweeper\minessweeper\debug\minessweeper.tlog\cl.command.1.tlog
c:\users\diogo\documents\github\minesweeper\minessweeper\debug\minessweeper.tlog\cl.read.1.tlog
c:\users\diogo\documents\github\minesweeper\minessweeper\debug\minessweeper.tlog\cl.write.1.tlog
c:\users\diogo\documents\github\minesweeper\minessweeper\debug\minessweeper.tlog\link.command.1.tlog
c:\users\diogo\documents\github\minesweeper\minessweeper\debug\minessweeper.tlog\link.read.1.tlog
c:\users\diogo\documents\github\minesweeper\minessweeper\debug\minessweeper.tlog\link.write.1.tlog
