c:\users\diogo\documents\github\minesweeper\minessweeper_jonas_diogo\debug\minessweeper_jonas_diogo.pch
c:\users\diogo\documents\github\minesweeper\minessweeper_jonas_diogo\debug\vc142.pdb
c:\users\diogo\documents\github\minesweeper\minessweeper_jonas_diogo\debug\vc142.idb
c:\users\diogo\documents\github\minesweeper\minessweeper_jonas_diogo\debug\pch.obj
c:\users\diogo\documents\github\minesweeper\minessweeper_jonas_diogo\debug\utils.obj
c:\users\diogo\documents\github\minesweeper\minessweeper_jonas_diogo\debug\structs.obj
c:\users\diogo\documents\github\minesweeper\minessweeper_jonas_diogo\debug\main.obj
c:\users\diogo\documents\github\minesweeper\minessweeper_jonas_diogo\debug\game.obj
c:\users\diogo\documents\github\minesweeper\minessweeper_jonas_diogo\debug\core.obj
c:\users\diogo\documents\github\minesweeper\minessweeper_jonas_diogo\debug\minessweeper_jonas_diogo.ilk
c:\users\diogo\documents\github\minesweeper\minessweeper_jonas_diogo\debug\minessweeper_jonas_diogo.exe
c:\users\diogo\documents\github\minesweeper\minessweeper_jonas_diogo\debug\minessweeper_jonas_diogo.pdb
c:\users\diogo\documents\dae- 1st semester\_programming 01\labs\labs week 9\minessweeper_jonas_diogo\debug\libflac-8.dll
c:\users\diogo\documents\dae- 1st semester\_programming 01\labs\labs week 9\minessweeper_jonas_diogo\debug\libfreetype-6.dll
c:\users\diogo\documents\dae- 1st semester\_programming 01\labs\labs week 9\minessweeper_jonas_diogo\debug\libjpeg-9.dll
c:\users\diogo\documents\dae- 1st semester\_programming 01\labs\labs week 9\minessweeper_jonas_diogo\debug\libmodplug-1.dll
c:\users\diogo\documents\dae- 1st semester\_programming 01\labs\labs week 9\minessweeper_jonas_diogo\debug\libmpg123-0.dll
c:\users\diogo\documents\dae- 1st semester\_programming 01\labs\labs week 9\minessweeper_jonas_diogo\debug\libogg-0.dll
c:\users\diogo\documents\dae- 1st semester\_programming 01\labs\labs week 9\minessweeper_jonas_diogo\debug\libopus-0.dll
c:\users\diogo\documents\dae- 1st semester\_programming 01\labs\labs week 9\minessweeper_jonas_diogo\debug\libopusfile-0.dll
c:\users\diogo\documents\dae- 1st semester\_programming 01\labs\labs week 9\minessweeper_jonas_diogo\debug\libpng16-16.dll
c:\users\diogo\documents\dae- 1st semester\_programming 01\labs\labs week 9\minessweeper_jonas_diogo\debug\libtiff-5.dll
c:\users\diogo\documents\dae- 1st semester\_programming 01\labs\labs week 9\minessweeper_jonas_diogo\debug\libvorbis-0.dll
c:\users\diogo\documents\dae- 1st semester\_programming 01\labs\labs week 9\minessweeper_jonas_diogo\debug\libvorbisfile-3.dll
c:\users\diogo\documents\dae- 1st semester\_programming 01\labs\labs week 9\minessweeper_jonas_diogo\debug\libwebp-7.dll
c:\users\diogo\documents\dae- 1st semester\_programming 01\labs\labs week 9\minessweeper_jonas_diogo\debug\sdl2.dll
c:\users\diogo\documents\dae- 1st semester\_programming 01\labs\labs week 9\minessweeper_jonas_diogo\debug\sdl2_image.dll
c:\users\diogo\documents\dae- 1st semester\_programming 01\labs\labs week 9\minessweeper_jonas_diogo\debug\sdl2_mixer.dll
c:\users\diogo\documents\dae- 1st semester\_programming 01\labs\labs week 9\minessweeper_jonas_diogo\debug\sdl2_ttf.dll
c:\users\diogo\documents\dae- 1st semester\_programming 01\labs\labs week 9\minessweeper_jonas_diogo\debug\zlib1.dll
c:\users\diogo\documents\dae- 1st semester\_programming 01\labs\labs week 9\minessweeper_jonas_diogo\debug\core.obj
c:\users\diogo\documents\dae- 1st semester\_programming 01\labs\labs week 9\minessweeper_jonas_diogo\debug\game.obj
c:\users\diogo\documents\dae- 1st semester\_programming 01\labs\labs week 9\minessweeper_jonas_diogo\debug\main.obj
c:\users\diogo\documents\dae- 1st semester\_programming 01\labs\labs week 9\minessweeper_jonas_diogo\debug\pch.obj
c:\users\diogo\documents\dae- 1st semester\_programming 01\labs\labs week 9\minessweeper_jonas_diogo\debug\structs.obj
c:\users\diogo\documents\dae- 1st semester\_programming 01\labs\labs week 9\minessweeper_jonas_diogo\debug\utils.obj
c:\users\diogo\documents\dae- 1st semester\_programming 01\labs\labs week 9\minessweeper_jonas_diogo\debug\minessweeper_jonas_diogo.ilk
c:\users\diogo\documents\dae- 1st semester\_programming 01\labs\labs week 9\minessweeper_jonas_diogo\debug\minessweeper_jonas_diogo.pch
c:\users\diogo\documents\dae- 1st semester\_programming 01\labs\labs week 9\minessweeper_jonas_diogo\debug\vc142.idb
c:\users\diogo\documents\dae- 1st semester\_programming 01\labs\labs week 9\minessweeper_jonas_diogo\debug\minessweeper_jonas_diogo.pdb
c:\users\diogo\documents\dae- 1st semester\_programming 01\labs\labs week 9\minessweeper_jonas_diogo\debug\vc142.pdb
c:\users\diogo\documents\dae- 1st semester\_programming 01\labs\labs week 9\minessweeper_jonas_diogo\debug\minessweeper_jonas_diogo.exe
c:\users\diogo\documents\dae- 1st semester\_programming 01\labs\labs week 9\minessweeper_jonas_diogo\debug\minesswe.ef103e92.tlog\cl.command.1.tlog
c:\users\diogo\documents\dae- 1st semester\_programming 01\labs\labs week 9\minessweeper_jonas_diogo\debug\minesswe.ef103e92.tlog\cl.read.1.tlog
c:\users\diogo\documents\dae- 1st semester\_programming 01\labs\labs week 9\minessweeper_jonas_diogo\debug\minesswe.ef103e92.tlog\cl.write.1.tlog
c:\users\diogo\documents\dae- 1st semester\_programming 01\labs\labs week 9\minessweeper_jonas_diogo\debug\minesswe.ef103e92.tlog\link.command.1.tlog
c:\users\diogo\documents\dae- 1st semester\_programming 01\labs\labs week 9\minessweeper_jonas_diogo\debug\minesswe.ef103e92.tlog\link.read.1.tlog
c:\users\diogo\documents\dae- 1st semester\_programming 01\labs\labs week 9\minessweeper_jonas_diogo\debug\minesswe.ef103e92.tlog\link.write.1.tlog
